<?xml version="1.0" encoding="UTF-8"?>
<!-- Generated by org.testng.reporters.JUnitReportReporter -->
<testsuite hostname="DESKTOP-OKILJPB" name="com.crm.testscripts.Admintest" tests="1" failures="0" timestamp="14 Apr 2022 12:53:32 GMT" time="0.023" errors="0">
  <testcase name="in" time="0.023" classname="com.crm.testscripts.Admintest"/>
</testsuite> <!-- com.crm.testscripts.Admintest -->
